  main.cpp
C:\Users\79163\source\repos\hash_table\hash_table\hash_table.h(110,9): error C2440: delete: невозможно преобразовать "ForwardList<HashNode<std::pair<const Key,T>>>" в "void*"
          with
          [
              Key=std::string,
              T=size_t
          ]
C:\Users\79163\source\repos\hash_table\hash_table\hash_table.h(110,9): message : Для выполнения данного преобразования нет доступного оператора преобразования, определенного пользователем, или вызов оператора невозможен
C:\Users\79163\source\repos\hash_table\hash_table\hash_table.h(109,46): message : во время компиляции функции-члена класс шаблон "HashTable<Key,size_t,std::hash<Key>>::~HashTable(void)"
          with
          [
              Key=std::string
          ]
C:\Users\79163\source\repos\hash_table\hash_table\dictionary_map.h(21,3): message : выполняется компиляция ссылки на экземпляр шаблон функции "HashTable<Key,size_t,std::hash<Key>>::~HashTable(void)"
          with
          [
              Key=std::string
          ]
C:\Users\79163\source\repos\hash_table\hash_table\dictionary_map.h(38,17): message : выполняется компиляция ссылки на экземпляр класс шаблон функции "HashTable<Key,size_t,std::hash<Key>>"
          with
          [
              Key=std::string
          ]
C:\Users\79163\source\repos\hash_table\hash_table\user_interface.h(41,29): message : выполняется компиляция ссылки на экземпляр класс шаблон функции "DictionaryMap<std::string>"
C:\Users\79163\source\repos\hash_table\hash_table\hash_table.h(113,2): error C2679: бинарный "=": не найден оператор, принимающий правый операнд типа "nullptr" (или приемлемое преобразование отсутствует)
C:\Users\79163\source\repos\hash_table\hash_table\forward_list.h(125,15): message : может быть "ForwardList<HashNode<std::pair<const Key,T>>> &ForwardList<HashNode<std::pair<const Key,T>>>::operator =(ForwardList<HashNode<std::pair<const Key,T>>> &&) noexcept"
          with
          [
              Key=std::string,
              T=size_t
          ]
C:\Users\79163\source\repos\hash_table\hash_table\forward_list.h(124,15): message : или       "ForwardList<HashNode<std::pair<const Key,T>>> &ForwardList<HashNode<std::pair<const Key,T>>>::operator =(const ForwardList<HashNode<std::pair<const Key,T>>> &)"
          with
          [
              Key=std::string,
              T=size_t
          ]
C:\Users\79163\source\repos\hash_table\hash_table\hash_table.h(113,2): message : при попытке сопоставить список аргументов "(ForwardList<HashNode<std::pair<const Key,T>>>, nullptr)"
          with
          [
              Key=std::string,
              T=size_t
          ]
